GNU gdb (Ubuntu 9.2-0ubuntu1~20.04.1) 9.2
Copyright (C) 2020 Free Software Foundation, Inc.
License GPLv3+: GNU GPL version 3 or later <http://gnu.org/licenses/gpl.html>
This is free software: you are free to change and redistribute it.
There is NO WARRANTY, to the extent permitted by law.
Type "show copying" and "show warranty" for details.
This GDB was configured as "x86_64-linux-gnu".
Type "show configuration" for configuration details.
For bug reporting instructions, please see:
<http://www.gnu.org/software/gdb/bugs/>.
Find the GDB manual and other documentation resources online at:
    <http://www.gnu.org/software/gdb/documentation/>.

For help, type "help".
Type "apropos word" to search for commands related to "word".
[New LWP 23928]
[New LWP 23929]
[New LWP 23930]
[New LWP 23931]
[New LWP 23932]
[New LWP 23933]
[New LWP 23936]
[New LWP 23995]
[New LWP 23996]
[New LWP 23997]
[New LWP 23998]
[New LWP 23999]
[New LWP 24000]
[New LWP 24001]
[Thread debugging using libthread_db enabled]
Using host libthread_db library "/lib/x86_64-linux-gnu/libthread_db.so.1".
futex_abstimed_wait_cancelable (private=<optimized out>, 
    abstime=0x7ffd52800990, clockid=<optimized out>, expected=0, 
    futex_word=0x93eb4c <_PyRuntime+1228>)
    at ../sysdeps/nptl/futex-internal.h:320

Stack backtrace
---------------
    abstime=0x7ffd52800990, clockid=<optimized out>, expected=0, 
    futex_word=0x93eb4c <_PyRuntime+1228>)
    at ../sysdeps/nptl/futex-internal.h:320
        __ret = -516
        clockbit = <optimized out>
        op = <optimized out>
        __ret = <optimized out>
        oldtype = 0
        err = <optimized out>
        oldtype = <optimized out>
        err = <optimized out>
        __ret = <optimized out>
        clockbit = <optimized out>
        op = <optimized out>
        __ret = <optimized out>
        resultvar = <optimized out>
        __arg6 = <optimized out>
        __arg5 = <optimized out>
        __arg4 = <optimized out>
        __arg3 = <optimized out>
        __arg2 = <optimized out>
        __arg1 = <optimized out>
        _a6 = <optimized out>
        _a5 = <optimized out>
        _a4 = <optimized out>
        _a3 = <optimized out>
        _a2 = <optimized out>
        _a1 = <optimized out>
#1  __pthread_cond_wait_common (abstime=0x7ffd52800990, 
    clockid=<optimized out>, mutex=0x93eb50 <_PyRuntime+1232>, 
    cond=0x93eb20 <_PyRuntime+1184>) at pthread_cond_wait.c:520
        spin = 0
        buffer = {__routine = 0x7f0390274050 <__condvar_cleanup_waiting>, 
          __arg = 0x7ffd52800910, __canceltype = 1384122768, __prev = 0x0}
        cbuffer = {wseq = 32415, cond = 0x93eb20 <_PyRuntime+1184>, 
          mutex = 0x93eb50 <_PyRuntime+1232>, private = 0}
        err = <optimized out>
        g = 1
        flags = <optimized out>
        g1_start = <optimized out>
        maxspin = 0
        signals = <optimized out>
        result = 0
        wseq = 32415
        seq = 16207
        private = <optimized out>
        maxspin = <optimized out>
        err = <optimized out>
        result = <optimized out>
        wseq = <optimized out>
        g = <optimized out>
        seq = <optimized out>
        flags = <optimized out>
        private = <optimized out>
        signals = <optimized out>
        g1_start = <optimized out>
        spin = <optimized out>
        buffer = <optimized out>
        cbuffer = <optimized out>
        s = <optimized out>
#2  __pthread_cond_timedwait (cond=0x93eb20 <_PyRuntime+1184>, 
    mutex=0x93eb50 <_PyRuntime+1232>, abstime=0x7ffd52800990)
    at pthread_cond_wait.c:665
        flags = <optimized out>
        clockid = <optimized out>
#3  0x000000000068e9a8 in ?? ()
No symbol table info available.
#4  0x0000000000572197 in _PyEval_EvalFrameDefault ()
No symbol table info available.
#5  0x00000000005697da in _PyEval_EvalCodeWithName ()
No symbol table info available.
#6  0x00000000005f6ec3 in _PyFunction_Vectorcall ()
No symbol table info available.
#7  0x0000000000570556 in _PyEval_EvalFrameDefault ()
No symbol table info available.
#8  0x00000000005697da in _PyEval_EvalCodeWithName ()
No symbol table info available.
#9  0x000000000050b1f0 in ?? ()
No symbol table info available.
#10 0x0000000000570556 in _PyEval_EvalFrameDefault ()
No symbol table info available.
#11 0x00000000005697da in _PyEval_EvalCodeWithName ()
No symbol table info available.
#12 0x000000000050b1f0 in ?? ()
No symbol table info available.
#13 0x000000000056c6d0 in _PyEval_EvalFrameDefault ()
No symbol table info available.
#14 0x00000000005697da in _PyEval_EvalCodeWithName ()
No symbol table info available.
#15 0x00000000005f6ec3 in _PyFunction_Vectorcall ()
No symbol table info available.
#16 0x000000000050b17c in ?? ()
No symbol table info available.
#17 0x00000000005f60b2 in PyObject_Call ()
No symbol table info available.
#18 0x000000000056ccfc in _PyEval_EvalFrameDefault ()
No symbol table info available.
#19 0x00000000005697da in _PyEval_EvalCodeWithName ()
No symbol table info available.
#20 0x00000000005f6ec3 in _PyFunction_Vectorcall ()
No symbol table info available.
#21 0x000000000056b4ed in _PyEval_EvalFrameDefault ()
No symbol table info available.
#22 0x00000000005697da in _PyEval_EvalCodeWithName ()
No symbol table info available.
#23 0x00000000005f6ec3 in _PyFunction_Vectorcall ()
No symbol table info available.
#24 0x00000000005f60b2 in PyObject_Call ()
No symbol table info available.
#25 0x000000000056ccfc in _PyEval_EvalFrameDefault ()
No symbol table info available.
#26 0x00000000005697da in _PyEval_EvalCodeWithName ()
No symbol table info available.
#27 0x000000000050b1f0 in ?? ()
No symbol table info available.
#28 0x0000000000570556 in _PyEval_EvalFrameDefault ()
No symbol table info available.
#29 0x00000000005697da in _PyEval_EvalCodeWithName ()
No symbol table info available.
#30 0x000000000068e547 in PyEval_EvalCode ()
No symbol table info available.
#31 0x0000000000601624 in ?? ()
No symbol table info available.
#32 0x00000000005c4ef0 in ?? ()
No symbol table info available.
#33 0x000000000056b4ed in _PyEval_EvalFrameDefault ()
No symbol table info available.
#34 0x00000000005009c8 in ?? ()
No symbol table info available.
#35 0x000000000056cefd in _PyEval_EvalFrameDefault ()
No symbol table info available.
#36 0x00000000005009c8 in ?? ()
No symbol table info available.
#37 0x000000000056cefd in _PyEval_EvalFrameDefault ()
No symbol table info available.
#38 0x00000000005009c8 in ?? ()
No symbol table info available.
#39 0x0000000000504716 in ?? ()
No symbol table info available.
#40 0x000000000056b619 in _PyEval_EvalFrameDefault ()
No symbol table info available.
#41 0x00000000005f6ce6 in _PyFunction_Vectorcall ()
No symbol table info available.
#42 0x000000000056b4ed in _PyEval_EvalFrameDefault ()
No symbol table info available.
#43 0x00000000005f6ce6 in _PyFunction_Vectorcall ()
No symbol table info available.
#44 0x000000000056b619 in _PyEval_EvalFrameDefault ()
No symbol table info available.
#45 0x00000000005697da in _PyEval_EvalCodeWithName ()
No symbol table info available.
#46 0x00000000005f6ec3 in _PyFunction_Vectorcall ()
No symbol table info available.
#47 0x000000000050b17c in ?? ()
No symbol table info available.
#48 0x00000000005f60b2 in PyObject_Call ()
No symbol table info available.
#49 0x000000000056ccfc in _PyEval_EvalFrameDefault ()
No symbol table info available.
#50 0x00000000005697da in _PyEval_EvalCodeWithName ()
No symbol table info available.
#51 0x000000000050b1f0 in ?? ()
No symbol table info available.
#52 0x000000000056c6d0 in _PyEval_EvalFrameDefault ()
No symbol table info available.
#53 0x0000000000500e63 in ?? ()
No symbol table info available.
#54 0x00000000004f56f3 in ?? ()
No symbol table info available.
#55 0x00000000005c4ef0 in ?? ()
No symbol table info available.
#56 0x000000000056b4ed in _PyEval_EvalFrameDefault ()
No symbol table info available.
#57 0x00000000005697da in _PyEval_EvalCodeWithName ()
No symbol table info available.
#58 0x00000000005f6ec3 in _PyFunction_Vectorcall ()
No symbol table info available.
#59 0x000000000056b619 in _PyEval_EvalFrameDefault ()
No symbol table info available.
#60 0x0000000000500e63 in ?? ()
No symbol table info available.
#61 0x00000000004f56f3 in ?? ()
No symbol table info available.
#62 0x00000000005c4ef0 in ?? ()
No symbol table info available.
#63 0x000000000056b4ed in _PyEval_EvalFrameDefault ()
No symbol table info available.
#64 0x00000000005697da in _PyEval_EvalCodeWithName ()
No symbol table info available.
#65 0x000000000050b1f0 in ?? ()
No symbol table info available.
#66 0x000000000056b4ed in _PyEval_EvalFrameDefault ()
No symbol table info available.
#67 0x0000000000500e63 in ?? ()
No symbol table info available.
#68 0x00000000004f56f3 in ?? ()
No symbol table info available.
#69 0x00000000005c4ef0 in ?? ()
No symbol table info available.
#70 0x000000000056b4ed in _PyEval_EvalFrameDefault ()
No symbol table info available.
#71 0x00000000005697da in _PyEval_EvalCodeWithName ()
No symbol table info available.
#72 0x00000000005f6ec3 in _PyFunction_Vectorcall ()
No symbol table info available.
#73 0x000000000050b17c in ?? ()
No symbol table info available.
#74 0x00000000005f60b2 in PyObject_Call ()
No symbol table info available.
#75 0x000000000056ccfc in _PyEval_EvalFrameDefault ()
No symbol table info available.
#76 0x00000000005009c8 in ?? ()
No symbol table info available.
#77 0x0000000000504716 in ?? ()
No symbol table info available.
#78 0x000000000056b619 in _PyEval_EvalFrameDefault ()
No symbol table info available.
#79 0x00000000005f6ce6 in _PyFunction_Vectorcall ()
No symbol table info available.
#80 0x000000000056b619 in _PyEval_EvalFrameDefault ()
No symbol table info available.
#81 0x00000000005697da in _PyEval_EvalCodeWithName ()
No symbol table info available.
#82 0x00000000005f6ec3 in _PyFunction_Vectorcall ()
No symbol table info available.
#83 0x00000000005f60b2 in PyObject_Call ()
No symbol table info available.
#84 0x000000000056ccfc in _PyEval_EvalFrameDefault ()
No symbol table info available.
#85 0x00000000005697da in _PyEval_EvalCodeWithName ()
No symbol table info available.
#86 0x00000000005f6ec3 in _PyFunction_Vectorcall ()
No symbol table info available.
#87 0x00000000005f7978 in _PyObject_FastCallDict ()
No symbol table info available.
#88 0x000000000066758d in ?? ()
No symbol table info available.
#89 0x00000000005f7506 in _PyObject_MakeTpCall ()
No symbol table info available.
#90 0x0000000000570787 in _PyEval_EvalFrameDefault ()
No symbol table info available.
#91 0x00000000005f6ce6 in _PyFunction_Vectorcall ()
No symbol table info available.
#92 0x000000000050b17c in ?? ()
No symbol table info available.
#93 0x00000000004f2ffe in ?? ()
No symbol table info available.
#94 0x00000000006001c3 in ?? ()
No symbol table info available.
#95 0x00000000005c4dd7 in ?? ()
No symbol table info available.
#96 0x00000000005f6678 in PyVectorcall_Call ()
No symbol table info available.
#97 0x00000000005714e8 in _PyEval_EvalFrameDefault ()
No symbol table info available.
#98 0x00000000005f6ce6 in _PyFunction_Vectorcall ()
No symbol table info available.
#99 0x000000000056b619 in _PyEval_EvalFrameDefault ()
No symbol table info available.
#100 0x00000000005f6ce6 in _PyFunction_Vectorcall ()
No symbol table info available.
#101 0x000000000056b619 in _PyEval_EvalFrameDefault ()
No symbol table info available.
#102 0x00000000005f6ce6 in _PyFunction_Vectorcall ()
No symbol table info available.
#103 0x000000000056b619 in _PyEval_EvalFrameDefault ()
No symbol table info available.
#104 0x00000000005f6ce6 in _PyFunction_Vectorcall ()
No symbol table info available.
#105 0x000000000056b619 in _PyEval_EvalFrameDefault ()
No symbol table info available.
#106 0x00000000005f6ce6 in _PyFunction_Vectorcall ()
No symbol table info available.
#107 0x000000000056b619 in _PyEval_EvalFrameDefault ()
No symbol table info available.
#108 0x00000000005697da in _PyEval_EvalCodeWithName ()
No symbol table info available.
#109 0x000000000050b1f0 in ?? ()
No symbol table info available.
#110 0x000000000056c6d0 in _PyEval_EvalFrameDefault ()
No symbol table info available.
#111 0x00000000005697da in _PyEval_EvalCodeWithName ()
No symbol table info available.
#112 0x000000000068e547 in PyEval_EvalCode ()
No symbol table info available.
#113 0x0000000000601624 in ?? ()
No symbol table info available.
#114 0x00000000005c4ef0 in ?? ()
No symbol table info available.
#115 0x000000000056b4ed in _PyEval_EvalFrameDefault ()
No symbol table info available.
#116 0x00000000005697da in _PyEval_EvalCodeWithName ()
No symbol table info available.
#117 0x00000000005f6ec3 in _PyFunction_Vectorcall ()
No symbol table info available.
#118 0x000000000056b4ed in _PyEval_EvalFrameDefault ()
No symbol table info available.
#119 0x00000000005697da in _PyEval_EvalCodeWithName ()
No symbol table info available.
#120 0x00000000005f6ec3 in _PyFunction_Vectorcall ()
No symbol table info available.
#121 0x00000000005f60b2 in PyObject_Call ()
No symbol table info available.
#122 0x00000000006b79e2 in ?? ()
No symbol table info available.
#123 0x00000000006b7de9 in Py_RunMain ()
No symbol table info available.
#124 0x00000000006b800d in Py_BytesMain ()
No symbol table info available.
#125 0x00007f03902ac083 in __libc_start_main (main=0x4ef140 <main>, argc=5, 
    argv=0x7ffd52805f88, init=<optimized out>, fini=<optimized out>, 
    rtld_fini=<optimized out>, stack_end=0x7ffd52805f78)
    at ../csu/libc-start.c:308
        self = <optimized out>
        result = <optimized out>
        unwind_buf = {cancel_jmp_buf = {{jmp_buf = {7045152, 
                -5422369627527949484, 6273072, 140725987598208, 0, 0, 
                5423876075519497044, 5384334661964682068}, 
              mask_was_saved = 0}}, priv = {pad = {0x0, 0x0, 0x5, 
              0x7ffd52805f88}, data = {prev = 0x0, cleanup = 0x0, 
              canceltype = 5}}}
        not_first_call = <optimized out>
#126 0x00000000005fb85e in _start ()
No symbol table info available.
>>>>>>>>>>>>>>>>>>>>>>>>>>>>>>>>>>>>>>>>>>>>>>>>>>>>>>>>>>>>>>>>>>>


Cython backtrace
----------------
#0  0x00007f0390274632 in futex_abstimed_wait_cancelable () at /build/glibc-BHL3KM/glibc-2.31/nptl/../sysdeps/nptl/futex-internal.h:320
#1  0x00007f03902745ad in __pthread_cond_wait_common () at /build/glibc-BHL3KM/glibc-2.31/nptl/pthread_cond_wait.c:520
#2  0x00007f0390274560 in __pthread_cond_timedwait () at /build/glibc-BHL3KM/glibc-2.31/nptl/pthread_cond_wait.c:665
#3  0x0000000000000000 in ?? ()
#4  0x000000000056adc0 in _PyEval_EvalFrameDefault ()
#5  0x0000000000569570 in _PyEval_EvalCodeWithName ()
#6  0x00000000005f6b30 in _PyFunction_Vectorcall ()
#7  0x000000000056adc0 in _PyEval_EvalFrameDefault ()
#8  0x0000000000569570 in _PyEval_EvalCodeWithName ()
#9  0x0000000000000000 in ?? ()
#10 0x000000000056adc0 in _PyEval_EvalFrameDefault ()
#11 0x0000000000569570 in _PyEval_EvalCodeWithName ()
#12 0x0000000000000000 in ?? ()
#13 0x000000000056adc0 in _PyEval_EvalFrameDefault ()
#14 0x0000000000569570 in _PyEval_EvalCodeWithName ()
#15 0x00000000005f6b30 in _PyFunction_Vectorcall ()
#16 0x0000000000000000 in ?? ()
#17 0x00000000005f6050 in PyObject_Call ()
#18 0x000000000056adc0 in _PyEval_EvalFrameDefault ()
#19 0x0000000000569570 in _PyEval_EvalCodeWithName ()
#20 0x00000000005f6b30 in _PyFunction_Vectorcall ()
#21 0x000000000056adc0 in _PyEval_EvalFrameDefault ()
#22 0x0000000000569570 in _PyEval_EvalCodeWithName ()
#23 0x00000000005f6b30 in _PyFunction_Vectorcall ()
#24 0x00000000005f6050 in PyObject_Call ()
#25 0x000000000056adc0 in _PyEval_EvalFrameDefault ()
#26 0x0000000000569570 in _PyEval_EvalCodeWithName ()
#27 0x0000000000000000 in ?? ()
#28 0x000000000056adc0 in _PyEval_EvalFrameDefault ()
#29 0x0000000000569570 in _PyEval_EvalCodeWithName ()
#30 0x000000000068e520 in PyEval_EvalCode ()
#31 0x0000000000000000 in ?? ()
#32 0x0000000000000000 in ?? ()
#33 0x000000000056adc0 in _PyEval_EvalFrameDefault ()
#34 0x0000000000000000 in ?? ()
#35 0x000000000056adc0 in _PyEval_EvalFrameDefault ()
#36 0x0000000000000000 in ?? ()
#37 0x000000000056adc0 in _PyEval_EvalFrameDefault ()
#38 0x0000000000000000 in ?? ()
#39 0x0000000000000000 in ?? ()
#40 0x000000000056adc0 in _PyEval_EvalFrameDefault ()
#41 0x00000000005f6b30 in _PyFunction_Vectorcall ()
#42 0x000000000056adc0 in _PyEval_EvalFrameDefault ()
#43 0x00000000005f6b30 in _PyFunction_Vectorcall ()
#44 0x000000000056adc0 in _PyEval_EvalFrameDefault ()
#45 0x0000000000569570 in _PyEval_EvalCodeWithName ()
#46 0x00000000005f6b30 in _PyFunction_Vectorcall ()
#47 0x0000000000000000 in ?? ()
#48 0x00000000005f6050 in PyObject_Call ()
#49 0x000000000056adc0 in _PyEval_EvalFrameDefault ()
#50 0x0000000000569570 in _PyEval_EvalCodeWithName ()
#51 0x0000000000000000 in ?? ()
#52 0x000000000056adc0 in _PyEval_EvalFrameDefault ()
#53 0x0000000000000000 in ?? ()
#54 0x0000000000000000 in ?? ()
#55 0x0000000000000000 in ?? ()
#56 0x000000000056adc0 in _PyEval_EvalFrameDefault ()
#57 0x0000000000569570 in _PyEval_EvalCodeWithName ()
#58 0x00000000005f6b30 in _PyFunction_Vectorcall ()
#59 0x000000000056adc0 in _PyEval_EvalFrameDefault ()
#60 0x0000000000000000 in ?? ()
#61 0x0000000000000000 in ?? ()
#62 0x0000000000000000 in ?? ()
#63 0x000000000056adc0 in _PyEval_EvalFrameDefault ()
#64 0x0000000000569570 in _PyEval_EvalCodeWithName ()
#65 0x0000000000000000 in ?? ()
#66 0x000000000056adc0 in _PyEval_EvalFrameDefault ()
#67 0x0000000000000000 in ?? ()
#68 0x0000000000000000 in ?? ()
#69 0x0000000000000000 in ?? ()
#70 0x000000000056adc0 in _PyEval_EvalFrameDefault ()
#71 0x0000000000569570 in _PyEval_EvalCodeWithName ()
#72 0x00000000005f6b30 in _PyFunction_Vectorcall ()
#73 0x0000000000000000 in ?? ()
#74 0x00000000005f6050 in PyObject_Call ()
#75 0x000000000056adc0 in _PyEval_EvalFrameDefault ()
#76 0x0000000000000000 in ?? ()
#77 0x0000000000000000 in ?? ()
#78 0x000000000056adc0 in _PyEval_EvalFrameDefault ()
#79 0x00000000005f6b30 in _PyFunction_Vectorcall ()
#80 0x000000000056adc0 in _PyEval_EvalFrameDefault ()
#81 0x0000000000569570 in _PyEval_EvalCodeWithName ()
#82 0x00000000005f6b30 in _PyFunction_Vectorcall ()
#83 0x00000000005f6050 in PyObject_Call ()
#84 0x000000000056adc0 in _PyEval_EvalFrameDefault ()
#85 0x0000000000569570 in _PyEval_EvalCodeWithName ()
#86 0x00000000005f6b30 in _PyFunction_Vectorcall ()
#87 0x00000000005f7930 in _PyObject_FastCallDict ()
#88 0x0000000000000000 in ?? ()
#89 0x00000000005f7270 in _PyObject_MakeTpCall ()
#90 0x000000000056adc0 in _PyEval_EvalFrameDefault ()
#91 0x00000000005f6b30 in _PyFunction_Vectorcall ()
#92 0x0000000000000000 in ?? ()
#93 0x0000000000000000 in ?? ()
#94 0x0000000000000000 in ?? ()
#95 0x0000000000000000 in ?? ()
#96 0x00000000005f6620 in PyVectorcall_Call ()
#97 0x000000000056adc0 in _PyEval_EvalFrameDefault ()
#98 0x00000000005f6b30 in _PyFunction_Vectorcall ()
#99 0x000000000056adc0 in _PyEval_EvalFrameDefault ()
#100 0x00000000005f6b30 in _PyFunction_Vectorcall ()
#101 0x000000000056adc0 in _PyEval_EvalFrameDefault ()
#102 0x00000000005f6b30 in _PyFunction_Vectorcall ()
#103 0x000000000056adc0 in _PyEval_EvalFrameDefault ()
#104 0x00000000005f6b30 in _PyFunction_Vectorcall ()
#105 0x000000000056adc0 in _PyEval_EvalFrameDefault ()
#106 0x00000000005f6b30 in _PyFunction_Vectorcall ()
#107 0x000000000056adc0 in _PyEval_EvalFrameDefault ()
#108 0x0000000000569570 in _PyEval_EvalCodeWithName ()
#109 0x0000000000000000 in ?? ()
#110 0x000000000056adc0 in _PyEval_EvalFrameDefault ()
#111 0x0000000000569570 in _PyEval_EvalCodeWithName ()
#112 0x000000000068e520 in PyEval_EvalCode ()
#113 0x0000000000000000 in ?? ()
#114 0x0000000000000000 in ?? ()
#115 0x000000000056adc0 in _PyEval_EvalFrameDefault ()
#116 0x0000000000569570 in _PyEval_EvalCodeWithName ()
#117 0x00000000005f6b30 in _PyFunction_Vectorcall ()
#118 0x000000000056adc0 in _PyEval_EvalFrameDefault ()
#119 0x0000000000569570 in _PyEval_EvalCodeWithName ()
#120 0x00000000005f6b30 in _PyFunction_Vectorcall ()
#121 0x00000000005f6050 in PyObject_Call ()
#122 0x0000000000000000 in ?? ()
#123 0x00000000006b7a70 in Py_RunMain ()
#124 0x00000000006b7fe0 in Py_BytesMain ()
#125 0x00007f03902abf90 in __libc_start_main () at /build/glibc-BHL3KM/glibc-2.31/csu/../csu/libc-start.c:308
#126 0x00000000005fb830 in _start ()

[Inferior 1 (process 23904) detached]
320	../sysdeps/nptl/futex-internal.h: No such file or directory.
